<?xml version="1.0" encoding="UTF-8"?>
<testng-results skipped="0" failed="0" total="1" passed="1">
  <reporter-output>
  </reporter-output>
  <suite name="Default suite" duration-ms="49592" started-at="2016-06-14T14:42:25Z" finished-at="2016-06-14T14:43:15Z">
    <groups>
    </groups>
    <test name="Default test" duration-ms="49592" started-at="2016-06-14T14:42:25Z" finished-at="2016-06-14T14:43:15Z">
      <class name="demo.ScreenshotDemo">
        <test-method status="PASS" signature="openBrowser()[pri:0, instance:demo.ScreenshotDemo@1f4f00f]" name="openBrowser" is-config="true" duration-ms="18858" started-at="2016-06-14T20:12:25Z" finished-at="2016-06-14T20:12:44Z">
          <reporter-output>
          </reporter-output>
        </test-method> <!-- openBrowser -->
        <test-method status="PASS" signature="searchGoogle()[pri:0, instance:demo.ScreenshotDemo@1f4f00f]" name="searchGoogle" duration-ms="30705" started-at="2016-06-14T20:12:44Z" finished-at="2016-06-14T20:13:15Z">
          <reporter-output>
          </reporter-output>
        </test-method> <!-- searchGoogle -->
      </class> <!-- demo.ScreenshotDemo -->
    </test> <!-- Default test -->
  </suite> <!-- Default suite -->
</testng-results>
